<?xml version="1.0" encoding="UTF-8"?>
<!-- Generated by org.testng.reporters.JUnitReportReporter -->
<testsuite hostname="DESKTOP-RM2Q310" failures="0" tests="1" name="com.trendyol.test.tests.MyTest" time="43.445" errors="0" timestamp="2020-12-30T14:45:09 TRT" skipped="0">
  <testcase classname="com.trendyol.test.tests.MyTest" name="myTest" time="43.445"/>
  <system-out/>
</testsuite> <!-- com.trendyol.test.tests.MyTest -->
