<?xml version="1.0" encoding="UTF-8"?>
<!-- Generated by org.testng.reporters.JUnitReportReporter -->
<testsuite hostname="DESKTOP-RM2Q310" failures="0" tests="1" name="com.trendyol.test.tests.SmokeTest" time="0.004" errors="0" timestamp="2020-12-28T15:02:56 TRT" skipped="0">
  <testcase classname="com.trendyol.test.tests.SmokeTest" name="smokeTest" time="0.004"/>
  <system-out/>
</testsuite> <!-- com.trendyol.test.tests.SmokeTest -->
